Parsing Armory version
Armory version 0.14.0

------------------------------------------------
Building docker image for framework: pytorch
docker build --cache-from twosixarmory/pytorch:latest --force-rm --file docker/pytorch/Dockerfile --build-arg armory_version=0.14.0 --target armory-pytorch-dev -t twosixarmory/pytorch:0.14.0 .
Sending build context to Docker daemon  3.471MB
Step 1/17 : FROM nvidia/cuda:11.2.1-cudnn8-runtime-ubuntu20.04 AS armory
 ---> 4c8dbd88f3f6
Step 2/17 : RUN rm -f /etc/apt/sources.list.d/nvidia-ml.list
 ---> Using cache
 ---> ca695c6b6929
Step 3/17 : RUN apt-get -y -qq update &&     DEBIAN_FRONTEND=noninteractive apt-get install -y wget vim build-essential git curl libgl1-mesa-glx libglib2.0-0
 ---> Using cache
 ---> ac36dffa2e5a
Step 4/17 : RUN wget --quiet https://repo.anaconda.com/miniconda/Miniconda3-py37_4.10.3-Linux-x86_64.sh -O ~/miniconda.sh &&     /bin/bash ~/miniconda.sh -b -p /opt/conda &&     rm ~/miniconda.sh &&     /opt/conda/bin/conda clean -tipsy &&     ln -s /opt/conda/etc/profile.d/conda.sh /etc/profile.d/conda.sh &&     echo ". /opt/conda/etc/profile.d/conda.sh" >> ~/.bashrc &&     echo "conda activate base" >> ~/.bashrc &&     echo 'alias ll="ls -al"' >> ~/.bashrc
 ---> Using cache
 ---> 2ac2e7d31a6d
Step 5/17 : ENV PATH=/opt/conda/bin:$PATH
 ---> Using cache
 ---> 6c513cd4b511
Step 6/17 : RUN /opt/conda/bin/conda install     'pytorch<=1.7'     'torchvision<0.9'     'tensorflow-gpu<2.5'     'tensorflow-datasets==1.2'     cudatoolkit     dill     Pillow     boto3     pandas     jupyterlab     pytest
 ---> Using cache
 ---> f9775081ce45
Step 7/17 : RUN /opt/conda/bin/pip install --no-cache-dir     Pillow     pydub     apache-beam     opencv-python     ffmpeg-python
 ---> Using cache
 ---> 59c81e3a99ec
Step 8/17 : WORKDIR /workspace
 ---> Using cache
 ---> b088d095219c
Step 9/17 : ARG armory_version
 ---> Using cache
 ---> ca9e1e0455df
Step 10/17 : FROM armory AS armory-pytorch-base
 ---> ca9e1e0455df
Step 11/17 : RUN /opt/conda/bin/pip install --no-cache-dir     git+https://github.com/Trusted-AI/adversarial-robustness-toolbox.git@development_object_tracking_attack
 ---> Using cache
 ---> 9d43024a3b43
Step 12/17 : FROM armory-pytorch-base AS armory-pytorch-dev
 ---> 9d43024a3b43
Step 13/17 : ARG armory_version
 ---> Using cache
 ---> 49799d011dd3
Step 14/17 : COPY . /armory_dev/
 ---> d0f5ce59d603
Step 15/17 : RUN /opt/conda/bin/pip install /armory_dev/ --no-cache-dir
 ---> Running in 7b40376e3328
Processing /armory_dev
[91m  DEPRECATION: A future pip version will change local packages to be built in-place without first copying to a temporary directory. We recommend you use --use-feature=in-tree-build to test your packages with this new behavior before it becomes the default.
   pip 21.3 will remove support for this functionality. You can find discussion regarding this at https://github.com/pypa/pip/issues/7555.
[0mCollecting coloredlogs
  Downloading coloredlogs-15.0.1-py2.py3-none-any.whl (46 kB)
Collecting docker
  Downloading docker-5.0.3-py2.py3-none-any.whl (146 kB)
Requirement already satisfied: jsonschema in /opt/conda/lib/python3.7/site-packages (from armory-testbed==0.14.0) (3.2.0)
Requirement already satisfied: pymongo in /opt/conda/lib/python3.7/site-packages (from armory-testbed==0.14.0) (3.12.0)
Requirement already satisfied: requests in /opt/conda/lib/python3.7/site-packages (from armory-testbed==0.14.0) (2.25.1)
Collecting humanfriendly>=9.1
  Downloading humanfriendly-10.0-py2.py3-none-any.whl (86 kB)
Collecting websocket-client>=0.32.0
  Downloading websocket_client-1.2.1-py2.py3-none-any.whl (52 kB)
Requirement already satisfied: idna<3,>=2.5 in /opt/conda/lib/python3.7/site-packages (from requests->armory-testbed==0.14.0) (2.10)
Requirement already satisfied: urllib3<1.27,>=1.21.1 in /opt/conda/lib/python3.7/site-packages (from requests->armory-testbed==0.14.0) (1.26.6)
Requirement already satisfied: certifi>=2017.4.17 in /opt/conda/lib/python3.7/site-packages (from requests->armory-testbed==0.14.0) (2021.10.8)
Requirement already satisfied: chardet<5,>=3.0.2 in /opt/conda/lib/python3.7/site-packages (from requests->armory-testbed==0.14.0) (4.0.0)
Requirement already satisfied: setuptools in /opt/conda/lib/python3.7/site-packages (from jsonschema->armory-testbed==0.14.0) (52.0.0.post20210125)
Requirement already satisfied: attrs>=17.4.0 in /opt/conda/lib/python3.7/site-packages (from jsonschema->armory-testbed==0.14.0) (21.2.0)
Requirement already satisfied: importlib-metadata in /opt/conda/lib/python3.7/site-packages (from jsonschema->armory-testbed==0.14.0) (4.8.1)
Requirement already satisfied: six>=1.11.0 in /opt/conda/lib/python3.7/site-packages (from jsonschema->armory-testbed==0.14.0) (1.16.0)
Requirement already satisfied: pyrsistent>=0.14.0 in /opt/conda/lib/python3.7/site-packages (from jsonschema->armory-testbed==0.14.0) (0.17.3)
Requirement already satisfied: zipp>=0.5 in /opt/conda/lib/python3.7/site-packages (from importlib-metadata->jsonschema->armory-testbed==0.14.0) (3.6.0)
Requirement already satisfied: typing-extensions>=3.6.4 in /opt/conda/lib/python3.7/site-packages (from importlib-metadata->jsonschema->armory-testbed==0.14.0) (3.10.0.2)
Building wheels for collected packages: armory-testbed
  Building wheel for armory-testbed (setup.py): started
  Building wheel for armory-testbed (setup.py): finished with status 'done'
  Created wheel for armory-testbed: filename=armory_testbed-0.14.0-py3-none-any.whl size=298997 sha256=7dacc63c82a27d098883880f0e058c66a27aa11555bb0430ead17e03db3e59b8
  Stored in directory: /tmp/pip-ephem-wheel-cache-4n906499/wheels/6c/df/5a/3205c088d1cbf1f3b312fb7bd803ebaaaa0c3b665027f34a3e
Successfully built armory-testbed
Installing collected packages: websocket-client, humanfriendly, docker, coloredlogs, armory-testbed
Successfully installed armory-testbed-0.14.0 coloredlogs-15.0.1 docker-5.0.3 humanfriendly-10.0 websocket-client-1.2.1
[91mWARNING: Running pip as the 'root' user can result in broken permissions and conflicting behaviour with the system package manager. It is recommended to use a virtual environment instead: https://pip.pypa.io/warnings/venv
[0mRemoving intermediate container 7b40376e3328
 ---> 41d4f500bbbc
Step 16/17 : WORKDIR /workspace
 ---> Running in c76781c9d102
Removing intermediate container c76781c9d102
 ---> 7cfba3992d17
Step 17/17 : CMD tail -f /dev/null
 ---> Running in a7d2525b9534
Removing intermediate container a7d2525b9534
 ---> 69cacb2433ea
Successfully built 69cacb2433ea
Successfully tagged twosixarmory/pytorch:0.14.0
Tagging docker image as latest
docker tag twosixarmory/pytorch:0.14.0 twosixarmory/pytorch:latest
